<?xml version="1.0" encoding="utf-8"?>
<testsuites name="pytest tests">
    <testsuite name="pytest"
               errors="0"
               failures="0"
               skipped="0"
               tests="26"
               time="15.914"
               timestamp="2025-10-04T23:38:49.233300-03:00"
               hostname="11mesa">
        <testcase classname="tests.test_csv_taxonomy_empty"
                  name="test_taxonomy_fields_forced_empty"
                  time="0.019" />
        <testcase classname="tests.test_generator"
                  name="test_csv_generator_creates_file"
                  time="0.034" />
        <testcase classname="tests.test_generator"
                  name="test_body_removes_duplicate_composition"
                  time="0.012" />
        <testcase classname="tests.test_generator"
                  name="test_default_fiscal_and_metafield_defaults"
                  time="0.012" />
        <testcase classname="tests.test_generator"
                  name="test_weight_and_grams_conversion"
                  time="0.011" />
        <testcase classname="tests.test_generator"
                  name="test_status_respects_config_and_ui_flag"
                  time="0.012" />
        <testcase classname="tests.test_generator"
                  name="test_option1_value_unique_per_handle"
                  time="0.010" />
        <testcase classname="tests.test_generator"
                  name="test_tags_sanitization_when_enabled"
                  time="0.010" />
        <testcase classname="tests.test_generator"
                  name="test_generator_uses_catalog_ficha_tecnica"
                  time="3.216" />
        <testcase classname="tests.test_generator_usage_split"
                  name="test_usage_from_features_kept_out_of_body"
                  time="0.009" />
        <testcase classname="tests.test_generator_usage_split"
                  name="test_description_and_usage_split"
                  time="0.009" />
        <testcase classname="tests.test_generator_usage_split"
                  name="test_polirresina_text_kept_in_body"
                  time="0.010" />
        <testcase classname="tests.test_matcher"
                  name="test_matcher_matches_by_sku"
                  time="2.877" />
        <testcase classname="tests.test_matcher"
                  name="test_matcher_matches_by_barcode"
                  time="2.719" />
        <testcase classname="tests.test_matcher"
                  name="test_matcher_returns_suggestions_for_unknown_item"
                  time="2.796" />
        <testcase classname="tests.test_metafields"
                  name="test_dynamic_metafields_mapping"
                  time="0.015" />
        <testcase classname="tests.test_metafields"
                  name="test_ipi_fallback_without_dynamic_mapping"
                  time="0.011" />
        <testcase classname="tests.test_metrics"
                  name="test_update_metrics_writes_counts"
                  time="0.014" />
        <testcase classname="tests.test_options_inconsistency"
                  name="test_options_value_without_name_gets_cleared"
                  time="0.010" />
        <testcase classname="tests.test_options_inference"
                  name="test_options_infer_size_axis"
                  time="0.010" />
        <testcase classname="tests.test_options_no_variants"
                  name="test_options_empty_for_simple_product"
                  time="0.010" />
        <testcase classname="tests.test_parser"
                  name="test_nfe_parser_extracts_items"
                  time="0.011" />
        <testcase classname="tests.test_parser"
                  name="test_catalog_loader_reads_products"
                  time="2.498" />
        <testcase classname="tests.test_text_splitters"
                  name="test_split_usage_detects_usage_blocks"
                  time="0.001" />
        <testcase classname="tests.test_text_splitters"
                  name="test_split_usage_ignores_when_no_markers"
                  time="0.001" />
        <testcase classname="tests.test_text_splitters"
                  name="test_split_usage_respects_custom_markers"
                  time="0.002" />
    </testsuite>
</testsuites>